[  2%] Building CXX object CMakeFiles/main_driver.dir/MainDriver.cpp.o
[  5%] Building CXX object CMakeFiles/main_driver.dir/Map/Map.cpp.o
[  8%] Building CXX object CMakeFiles/main_driver.dir/Player/Player.cpp.o
[ 11%] Building CXX object CMakeFiles/main_driver.dir/Order/Order.cpp.o
[ 13%] Building CXX object CMakeFiles/main_driver.dir/Card/Card.cpp.o
[ 16%] Building CXX object CMakeFiles/main_driver.dir/GameEngine/GameEngine.cpp.o
[ 19%] Building CXX object CMakeFiles/main_driver.dir/CommandProcessing/CommandProcessing.cpp.o
[ 22%] Building CXX object CMakeFiles/main_driver.dir/LoggingObserver/LoggingObserver.cpp.o
[ 25%] Building CXX object CMakeFiles/main_driver.dir/PlayerStrategies/PlayerStrategies.cpp.o
[ 27%] Building CXX object CMakeFiles/main_driver.dir/Map/MapDriver.cpp.o
[ 30%] Building CXX object CMakeFiles/main_driver.dir/Player/PlayerDriver.cpp.o
[ 33%] Building CXX object CMakeFiles/main_driver.dir/Order/OrderDriver.cpp.o
[ 36%] Building CXX object CMakeFiles/main_driver.dir/Card/CardDriver.cpp.o
[ 38%] Building CXX object CMakeFiles/main_driver.dir/GameEngine/GameEngineDriver.cpp.o
[ 41%] Building CXX object CMakeFiles/main_driver.dir/CommandProcessing/CommandProcessingDriver.cpp.o
[ 44%] Building CXX object CMakeFiles/main_driver.dir/LoggingObserver/LoggingObserverDriver.cpp.o
[ 47%] Building CXX object CMakeFiles/main_driver.dir/PlayerStrategies/PlayerStrategiesDriver.cpp.o
[ 50%] Linking CXX executable main_driver
[ 50%] Built target main_driver
[ 52%] Building CXX object CMakeFiles/main_driver_vg.dir/MainDriver.cpp.o
[ 55%] Building CXX object CMakeFiles/main_driver_vg.dir/Map/Map.cpp.o
[ 58%] Building CXX object CMakeFiles/main_driver_vg.dir/Player/Player.cpp.o
[ 61%] Building CXX object CMakeFiles/main_driver_vg.dir/Order/Order.cpp.o
[ 63%] Building CXX object CMakeFiles/main_driver_vg.dir/Card/Card.cpp.o
[ 66%] Building CXX object CMakeFiles/main_driver_vg.dir/GameEngine/GameEngine.cpp.o
[ 69%] Building CXX object CMakeFiles/main_driver_vg.dir/CommandProcessing/CommandProcessing.cpp.o
[ 72%] Building CXX object CMakeFiles/main_driver_vg.dir/LoggingObserver/LoggingObserver.cpp.o
[ 75%] Building CXX object CMakeFiles/main_driver_vg.dir/PlayerStrategies/PlayerStrategies.cpp.o
[ 77%] Building CXX object CMakeFiles/main_driver_vg.dir/Map/MapDriver.cpp.o
[ 80%] Building CXX object CMakeFiles/main_driver_vg.dir/Player/PlayerDriver.cpp.o
[ 83%] Building CXX object CMakeFiles/main_driver_vg.dir/Order/OrderDriver.cpp.o
[ 86%] Building CXX object CMakeFiles/main_driver_vg.dir/Card/CardDriver.cpp.o
[ 88%] Building CXX object CMakeFiles/main_driver_vg.dir/GameEngine/GameEngineDriver.cpp.o
[ 91%] Building CXX object CMakeFiles/main_driver_vg.dir/CommandProcessing/CommandProcessingDriver.cpp.o
[ 94%] Building CXX object CMakeFiles/main_driver_vg.dir/LoggingObserver/LoggingObserverDriver.cpp.o
[ 97%] Building CXX object CMakeFiles/main_driver_vg.dir/PlayerStrategies/PlayerStrategiesDriver.cpp.o
[100%] Linking CXX executable main_driver_vg
[100%] Built target main_driver_vg
